<?xml version="1.0" encoding="UTF-8"?>
<!-- Generated by org.testng.reporters.JUnitReportReporter -->
<testsuite hostname="DEBU-ideapad" failures="0" tests="2" name="com.demo.FlipkartTest1" time="71.849" errors="0" timestamp="2024-01-13T17:10:41 IST" skipped="0">
  <testcase classname="com.demo.FlipkartTest1" name="TestOnChrome" time="35.366"/>
  <system-out/>
  <testcase classname="com.demo.FlipkartTest1" name="testOnEdge" time="36.483"/>
  <system-out/>
</testsuite> <!-- com.demo.FlipkartTest1 -->
